<?xml version="1.0" encoding="UTF-8"?>
<!-- Generated by org.testng.reporters.JUnitReportReporter -->
<testsuite hostname="Somasundaram" failures="0" tests="1" name="Automation.namlatic.Profiletestcase" time="4.049" errors="0" timestamp="24 Sep 2020 16:35:07 GMT" skipped="0">
  <testcase classname="Automation.namlatic.Profiletestcase" name="profile" time="4.049"/>
</testsuite> <!-- Automation.namlatic.Profiletestcase -->
