<?xml version="1.0" encoding="UTF-8"?>
<!-- Generated by org.testng.reporters.JUnitReportReporter -->
<testsuite hostname="Somasundaram" failures="0" tests="1" name="Automation.namlatic.LoginTestcase" time="1.509" errors="0" timestamp="24 Sep 2020 16:35:07 GMT" skipped="0">
  <testcase classname="Automation.namlatic.LoginTestcase" name="login" time="1.509"/>
</testsuite> <!-- Automation.namlatic.LoginTestcase -->
