<?xml version="1.0" encoding="UTF-8"?>
<!-- Generated by org.testng.reporters.JUnitReportReporter -->
<testsuite hostname="Somasundaram" failures="0" tests="1" name="Automation.namlatic.Selecthotel" time="15.230" errors="0" timestamp="24 Sep 2020 15:18:30 GMT" skipped="0">
  <testcase classname="Automation.namlatic.Selecthotel" name="search" time="15.230"/>
</testsuite> <!-- Automation.namlatic.Selecthotel -->
