<?xml version="1.0" encoding="UTF-8"?>
<!-- Generated by org.testng.reporters.JUnitReportReporter -->
<testsuite hostname="Somasundaram" failures="0" tests="1" name="Automation.namlatic.Selecthoteltestcase" time="15.478" errors="0" timestamp="24 Sep 2020 16:35:07 GMT" skipped="0">
  <testcase classname="Automation.namlatic.Selecthoteltestcase" name="search" time="15.478"/>
</testsuite> <!-- Automation.namlatic.Selecthoteltestcase -->
