<?xml version="1.0" encoding="UTF-8"?>
<!-- Generated by org.testng.reporters.JUnitReportReporter -->
<testsuite hostname="Somasundaram" failures="0" tests="1" name="Automation.namlatic.Searchtestcase" time="11.605" errors="0" timestamp="24 Sep 2020 16:35:07 GMT" skipped="0">
  <testcase classname="Automation.namlatic.Searchtestcase" name="search" time="11.605"/>
</testsuite> <!-- Automation.namlatic.Searchtestcase -->
