<?xml version="1.0" encoding="UTF-8"?>
<!-- Generated by org.testng.reporters.JUnitReportReporter -->
<testsuite hostname="Somasundaram" failures="0" tests="1" name="Automation.namlatic.Search" time="7.997" errors="0" timestamp="23 Sep 2020 19:10:31 GMT" skipped="0">
  <testcase classname="Automation.namlatic.Search" name="search" time="7.997"/>
</testsuite> <!-- Automation.namlatic.Search -->
